2023-10-27 00:49:06 main.py [line:21] 	INFO:	<<=======================任务开始=======================>>
2023-10-27 00:49:06 main.py [line:22] 	INFO:	任务开始执行时间 2023-10-27 00:49:06.828525

点击第 1 次
点击第 2 次
点击第 3 次
2023-10-27 00:49:23 main.py [line:44] 	INFO:	<单击左键>	------------->	D:\test1.png
2023-10-27 00:49:23 main.py [line:137] 	INFO:	等待0.1秒后再次执行
点击第 1 次
点击第 2 次
点击第 3 次
2023-10-27 00:49:25 main.py [line:44] 	INFO:	<单击左键>	------------->	D:\test1.png
2023-10-27 00:49:25 main.py [line:137] 	INFO:	等待0.1秒后再次执行
点击第 1 次
点击第 2 次
点击第 3 次
2023-10-27 00:49:28 main.py [line:44] 	INFO:	<单击左键>	------------->	D:\test1.png
2023-10-27 00:49:28 main.py [line:137] 	INFO:	等待0.1秒后再次执行
点击第 1 次
点击第 2 次
点击第 3 次
2023-10-27 00:49:30 main.py [line:44] 	INFO:	<单击左键>	------------->	D:\test1.png
2023-10-27 00:49:30 main.py [line:137] 	INFO:	等待0.1秒后再次执行
点击第 1 次
点击第 2 次
点击第 3 次
2023-10-27 00:49:33 main.py [line:44] 	INFO:	<单击左键>	------------->	D:\test1.png
2023-10-27 00:49:33 main.py [line:137] 	INFO:	等待0.1秒后再次执行
点击第 1 次
点击第 2 次
点击第 3 次
2023-10-27 00:49:35 main.py [line:44] 	INFO:	<单击左键>	------------->	D:\test1.png
2023-10-27 00:49:35 main.py [line:137] 	INFO:	等待0.1秒后再次执行
点击第 1 次
点击第 2 次
点击第 3 次
2023-10-27 00:49:38 main.py [line:44] 	INFO:	<单击左键>	------------->	D:\test1.png
2023-10-27 00:49:38 main.py [line:137] 	INFO:	等待0.1秒后再次执行
点击第 1 次
点击第 2 次
点击第 3 次
2023-10-27 00:49:40 main.py [line:44] 	INFO:	<单击左键>	------------->	D:\test1.png
2023-10-27 00:49:40 main.py [line:137] 	INFO:	等待0.1秒后再次执行
点击第 1 次
点击第 2 次
点击第 3 次
2023-10-27 00:49:43 main.py [line:44] 	INFO:	<单击左键>	------------->	D:\test1.png
2023-10-27 00:49:43 main.py [line:137] 	INFO:	等待0.1秒后再次执行
点击第 1 次
点击第 2 次
点击第 3 次
2023-10-27 00:49:45 main.py [line:44] 	INFO:	<单击左键>	------------->	D:\test1.png
2023-10-27 00:49:45 main.py [line:140] 	INFO:	<<======================任务执行成功======================>>

2023-10-27 00:57:54 main.py [line:21] 	INFO:	<<=======================任务开始=======================>>
2023-10-27 00:57:54 main.py [line:22] 	INFO:	任务开始执行时间 2023-10-27 00:57:54.314282

<单击左键>第 1 次
<单击左键>第 2 次
<单击左键>第 3 次
2023-10-27 00:58:16 main.py [line:44] 	INFO:	<单击左键>	------------->	D:\test1.png
2023-10-27 00:58:16 main.py [line:137] 	INFO:	等待0.1秒后再次执行
<单击左键>第 1 次
<单击左键>第 2 次
<单击左键>第 3 次
2023-10-27 00:58:18 main.py [line:44] 	INFO:	<单击左键>	------------->	D:\test1.png
2023-10-27 00:58:18 main.py [line:140] 	INFO:	<<======================任务执行成功======================>>

2023-10-27 00:59:51 main.py [line:21] 	INFO:	<<=======================任务开始=======================>>
2023-10-27 00:59:51 main.py [line:22] 	INFO:	任务开始执行时间 2023-10-27 00:59:51.110127

2023-10-27 01:00:00 main.py [line:44] 	INFO:	<单击左键>	------------->	D:\test1.png
2023-10-27 01:00:00 main.py [line:128] 	INFO:	<<======================任务执行成功======================>>

