2023-10-26 23:15:33 main.py [line:21] 	INFO:	<<===============任务开始===============>>
2023-10-26 23:15:33 main.py [line:22] 	INFO:	任务开始执行时间 2023-10-26 23:15:33.727139

2023-10-26 23:16:44 main.py [line:64] 	INFO:	x右移200, y下移100
2023-10-26 23:16:44 main.py [line:128] 	INFO:	<<=============任务执行成功=============>>

2023-10-26 23:18:27 main.py [line:21] 	INFO:	<<===============任务开始===============>>
2023-10-26 23:18:27 main.py [line:22] 	INFO:	任务开始执行时间 2023-10-26 23:18:27.861597

2023-10-26 23:18:40 main.py [line:64] 	INFO:	x右移200, y上移100
2023-10-26 23:18:40 main.py [line:128] 	INFO:	<<=============任务执行成功=============>>

2023-10-26 23:31:49 main.py [line:21] 	INFO:	<<===============任务开始===============>>
2023-10-26 23:31:49 main.py [line:22] 	INFO:	任务开始执行时间 2023-10-26 23:31:49.233607

2023-10-26 23:32:27 main.py [line:64] 	INFO:	<鼠标相对移动>	=============>	x右移200, y下移100
2023-10-26 23:32:27 main.py [line:128] 	INFO:	<<=============任务执行成功=============>>

2023-10-26 23:33:12 main.py [line:21] 	INFO:	<<===============任务开始===============>>
2023-10-26 23:33:12 main.py [line:22] 	INFO:	任务开始执行时间 2023-10-26 23:33:12.181234

2023-10-26 23:33:55 main.py [line:64] 	INFO:	<鼠标相对移动>	=============>	x右移200, y上移100
2023-10-26 23:33:55 main.py [line:128] 	INFO:	<<=============任务执行成功=============>>

2023-10-26 23:34:27 main.py [line:21] 	INFO:	<<===============任务开始===============>>
2023-10-26 23:34:27 main.py [line:22] 	INFO:	任务开始执行时间 2023-10-26 23:34:27.757807

2023-10-26 23:35:16 main.py [line:64] 	INFO:	<鼠标相对移动>	=============>	x左移200, y下移100
2023-10-26 23:35:16 main.py [line:128] 	INFO:	<<=============任务执行成功=============>>

2023-10-26 23:35:34 main.py [line:21] 	INFO:	<<===============任务开始===============>>
2023-10-26 23:35:34 main.py [line:22] 	INFO:	任务开始执行时间 2023-10-26 23:35:34.866187

2023-10-26 23:35:57 main.py [line:64] 	INFO:	<鼠标相对移动>	=============>	x左移200, y上移100
2023-10-26 23:35:57 main.py [line:128] 	INFO:	<<=============任务执行成功=============>>

2023-10-26 23:36:35 main.py [line:21] 	INFO:	<<===============任务开始===============>>
2023-10-26 23:36:35 main.py [line:22] 	INFO:	任务开始执行时间 2023-10-26 23:36:35.407791

2023-10-26 23:36:53 main.py [line:64] 	INFO:	<鼠标相对移动>	=============>	x移动0, y移动0
2023-10-26 23:36:53 main.py [line:128] 	INFO:	<<=============任务执行成功=============>>

2023-10-26 23:37:14 main.py [line:21] 	INFO:	<<===============任务开始===============>>
2023-10-26 23:37:14 main.py [line:22] 	INFO:	任务开始执行时间 2023-10-26 23:37:14.196383

2023-10-26 23:38:13 main.py [line:21] 	INFO:	<<===============任务开始===============>>
2023-10-26 23:38:13 main.py [line:22] 	INFO:	任务开始执行时间 2023-10-26 23:38:13.387937

2023-10-26 23:38:23 main.py [line:64] 	INFO:	<鼠标相对移动>	=============>	x移动0, y下移200
2023-10-26 23:38:23 main.py [line:128] 	INFO:	<<=============任务执行成功=============>>

2023-10-26 23:40:48 main.py [line:21] 	INFO:	<<===============任务开始===============>>
2023-10-26 23:40:48 main.py [line:22] 	INFO:	任务开始执行时间 2023-10-26 23:40:48.263617

2023-10-26 23:41:34 main.py [line:74] 	INFO:	剪贴板<输入>		=============>	这是测试输入指令
2023-10-26 23:41:34 main.py [line:128] 	INFO:	<<=============任务执行成功=============>>

2023-10-26 23:42:17 main.py [line:21] 	INFO:	<<===============任务开始===============>>
2023-10-26 23:42:17 main.py [line:22] 	INFO:	任务开始执行时间 2023-10-26 23:42:17.679996

2023-10-26 23:42:41 main.py [line:74] 	INFO:	剪贴板<输入>		=============>	这是测试输入指令
2023-10-26 23:42:41 main.py [line:137] 	INFO:	等待0.1秒后再次执行

2023-10-26 23:42:42 main.py [line:74] 	INFO:	剪贴板<输入>		=============>	这是测试输入指令
2023-10-26 23:42:42 main.py [line:140] 	INFO:	<<=============任务执行成功=============>>

2023-10-26 23:46:46 main.py [line:21] 	INFO:	<<===============任务开始===============>>
2023-10-26 23:46:46 main.py [line:22] 	INFO:	任务开始执行时间 2023-10-26 23:46:46.173143

2023-10-26 23:47:09 main.py [line:137] 	INFO:	等待0.1秒后再次执行

2023-10-26 23:47:09 main.py [line:137] 	INFO:	等待0.1秒后再次执行

2023-10-26 23:47:09 main.py [line:137] 	INFO:	等待0.1秒后再次执行

2023-10-26 23:47:09 main.py [line:137] 	INFO:	等待0.1秒后再次执行

2023-10-26 23:47:09 main.py [line:137] 	INFO:	等待0.1秒后再次执行

2023-10-26 23:47:10 main.py [line:137] 	INFO:	等待0.1秒后再次执行

2023-10-26 23:47:10 main.py [line:137] 	INFO:	等待0.1秒后再次执行

2023-10-26 23:47:10 main.py [line:137] 	INFO:	等待0.1秒后再次执行

2023-10-26 23:47:10 main.py [line:137] 	INFO:	等待0.1秒后再次执行

2023-10-26 23:47:10 main.py [line:140] 	INFO:	<<=============任务执行成功=============>>

2023-10-26 23:48:28 main.py [line:21] 	INFO:	<<===============任务开始===============>>
2023-10-26 23:48:28 main.py [line:22] 	INFO:	任务开始执行时间 2023-10-26 23:48:28.738968

2023-10-26 23:48:42 main.py [line:137] 	INFO:	等待0.1秒后再次执行

2023-10-26 23:48:42 main.py [line:137] 	INFO:	等待0.1秒后再次执行

2023-10-26 23:48:42 main.py [line:137] 	INFO:	等待0.1秒后再次执行

2023-10-26 23:48:42 main.py [line:137] 	INFO:	等待0.1秒后再次执行

2023-10-26 23:48:42 main.py [line:137] 	INFO:	等待0.1秒后再次执行

2023-10-26 23:48:43 main.py [line:137] 	INFO:	等待0.1秒后再次执行

2023-10-26 23:48:43 main.py [line:137] 	INFO:	等待0.1秒后再次执行

2023-10-26 23:48:43 main.py [line:137] 	INFO:	等待0.1秒后再次执行

2023-10-26 23:48:43 main.py [line:137] 	INFO:	等待0.1秒后再次执行

2023-10-26 23:48:43 main.py [line:140] 	INFO:	<<=============任务执行成功=============>>

2023-10-26 23:49:35 main.py [line:21] 	INFO:	<<===============任务开始===============>>
2023-10-26 23:49:35 main.py [line:22] 	INFO:	任务开始执行时间 2023-10-26 23:49:35.869547

2023-10-26 23:50:12 main.py [line:21] 	INFO:	<<===============任务开始===============>>
2023-10-26 23:50:12 main.py [line:22] 	INFO:	任务开始执行时间 2023-10-26 23:50:12.280753

2023-10-26 23:50:21 main.py [line:79] 	INFO:	<按键>			=============>	a
2023-10-26 23:50:21 main.py [line:137] 	INFO:	等待0.1秒后再次执行

2023-10-26 23:50:21 main.py [line:79] 	INFO:	<按键>			=============>	a
2023-10-26 23:50:21 main.py [line:137] 	INFO:	等待0.1秒后再次执行

2023-10-26 23:50:22 main.py [line:79] 	INFO:	<按键>			=============>	a
2023-10-26 23:50:22 main.py [line:137] 	INFO:	等待0.1秒后再次执行

2023-10-26 23:50:22 main.py [line:79] 	INFO:	<按键>			=============>	a
2023-10-26 23:50:22 main.py [line:137] 	INFO:	等待0.1秒后再次执行

2023-10-26 23:50:22 main.py [line:79] 	INFO:	<按键>			=============>	a
2023-10-26 23:50:22 main.py [line:137] 	INFO:	等待0.1秒后再次执行

2023-10-26 23:50:22 main.py [line:79] 	INFO:	<按键>			=============>	a
2023-10-26 23:50:22 main.py [line:137] 	INFO:	等待0.1秒后再次执行

2023-10-26 23:50:23 main.py [line:79] 	INFO:	<按键>			=============>	a
2023-10-26 23:50:23 main.py [line:137] 	INFO:	等待0.1秒后再次执行

2023-10-26 23:50:23 main.py [line:79] 	INFO:	<按键>			=============>	a
2023-10-26 23:50:23 main.py [line:137] 	INFO:	等待0.1秒后再次执行

2023-10-26 23:50:23 main.py [line:79] 	INFO:	<按键>			=============>	a
2023-10-26 23:50:23 main.py [line:137] 	INFO:	等待0.1秒后再次执行

2023-10-26 23:50:23 main.py [line:79] 	INFO:	<按键>			=============>	a
2023-10-26 23:50:23 main.py [line:140] 	INFO:	<<=============任务执行成功=============>>

2023-10-26 23:52:01 main.py [line:21] 	INFO:	<<===============任务开始===============>>
2023-10-26 23:52:01 main.py [line:22] 	INFO:	任务开始执行时间 2023-10-26 23:52:01.509040

2023-10-26 23:52:22 main.py [line:79] 	INFO:	<按键>			=============>	按下 a
2023-10-26 23:52:22 main.py [line:137] 	INFO:	等待0.1秒后再次执行

2023-10-26 23:52:22 main.py [line:79] 	INFO:	<按键>			=============>	按下 a
2023-10-26 23:52:22 main.py [line:137] 	INFO:	等待0.1秒后再次执行

2023-10-26 23:52:22 main.py [line:79] 	INFO:	<按键>			=============>	按下 a
2023-10-26 23:52:22 main.py [line:137] 	INFO:	等待0.1秒后再次执行

2023-10-26 23:52:23 main.py [line:79] 	INFO:	<按键>			=============>	按下 a
2023-10-26 23:52:23 main.py [line:137] 	INFO:	等待0.1秒后再次执行

2023-10-26 23:52:23 main.py [line:79] 	INFO:	<按键>			=============>	按下 a
2023-10-26 23:52:23 main.py [line:137] 	INFO:	等待0.1秒后再次执行

2023-10-26 23:52:23 main.py [line:79] 	INFO:	<按键>			=============>	按下 a
2023-10-26 23:52:23 main.py [line:137] 	INFO:	等待0.1秒后再次执行

2023-10-26 23:52:23 main.py [line:79] 	INFO:	<按键>			=============>	按下 a
2023-10-26 23:52:23 main.py [line:137] 	INFO:	等待0.1秒后再次执行

2023-10-26 23:52:23 main.py [line:79] 	INFO:	<按键>			=============>	按下 a
2023-10-26 23:52:23 main.py [line:137] 	INFO:	等待0.1秒后再次执行

2023-10-26 23:52:24 main.py [line:79] 	INFO:	<按键>			=============>	按下 a
2023-10-26 23:52:24 main.py [line:137] 	INFO:	等待0.1秒后再次执行

2023-10-26 23:52:24 main.py [line:79] 	INFO:	<按键>			=============>	按下 a
2023-10-26 23:52:24 main.py [line:140] 	INFO:	<<=============任务执行成功=============>>

2023-10-26 23:54:32 main.py [line:21] 	INFO:	<<===============任务开始===============>>
2023-10-26 23:54:32 main.py [line:22] 	INFO:	任务开始执行时间 2023-10-26 23:54:32.718503

2023-10-26 23:54:56 main.py [line:84] 	INFO:	
2023-10-26 23:54:56 main.py [line:128] 	INFO:	<<=============任务执行成功=============>>

2023-10-26 23:56:39 main.py [line:21] 	INFO:	<<===============任务开始===============>>
2023-10-26 23:56:39 main.py [line:22] 	INFO:	任务开始执行时间 2023-10-26 23:56:39.421941

2023-10-26 23:57:32 main.py [line:84] 	INFO:	<热键组合>		=============>	['ctrl', 'a']
2023-10-26 23:57:32 main.py [line:128] 	INFO:	<<=============任务执行成功=============>>

